Started GET "/admin/skill?model_name=skill&sort=name" for 172.19.0.1 at 2019-02-06 03:23:06 +0000
Cannot render console from 172.19.0.1! Allowed networks: 127.0.0.1, ::1, 127.0.0.0/127.255.255.255
  
ActiveRecord::PendingMigrationError (

Migrations are pending. To resolve this issue, run:

        bin/rails db:migrate RAILS_ENV=development

):
  
activerecord (5.2.2) lib/active_record/migration.rb:579:in `check_pending!'
activerecord (5.2.2) lib/active_record/migration.rb:556:in `call'
actionpack (5.2.2) lib/action_dispatch/middleware/callbacks.rb:28:in `block in call'
activesupport (5.2.2) lib/active_support/callbacks.rb:98:in `run_callbacks'
actionpack (5.2.2) lib/action_dispatch/middleware/callbacks.rb:26:in `call'
actionpack (5.2.2) lib/action_dispatch/middleware/executor.rb:14:in `call'
actionpack (5.2.2) lib/action_dispatch/middleware/debug_exceptions.rb:61:in `call'
web-console (3.7.0) lib/web_console/middleware.rb:135:in `call_app'
web-console (3.7.0) lib/web_console/middleware.rb:22:in `block in call'
web-console (3.7.0) lib/web_console/middleware.rb:20:in `catch'
web-console (3.7.0) lib/web_console/middleware.rb:20:in `call'
actionpack (5.2.2) lib/action_dispatch/middleware/show_exceptions.rb:33:in `call'
railties (5.2.2) lib/rails/rack/logger.rb:38:in `call_app'
railties (5.2.2) lib/rails/rack/logger.rb:26:in `block in call'
activesupport (5.2.2) lib/active_support/tagged_logging.rb:71:in `block in tagged'
activesupport (5.2.2) lib/active_support/tagged_logging.rb:28:in `tagged'
activesupport (5.2.2) lib/active_support/tagged_logging.rb:71:in `tagged'
railties (5.2.2) lib/rails/rack/logger.rb:26:in `call'
sprockets-rails (3.2.1) lib/sprockets/rails/quiet_assets.rb:13:in `call'
actionpack (5.2.2) lib/action_dispatch/middleware/remote_ip.rb:81:in `call'
actionpack (5.2.2) lib/action_dispatch/middleware/request_id.rb:27:in `call'
rack (2.0.6) lib/rack/method_override.rb:22:in `call'
rack (2.0.6) lib/rack/runtime.rb:22:in `call'
activesupport (5.2.2) lib/active_support/cache/strategy/local_cache_middleware.rb:29:in `call'
actionpack (5.2.2) lib/action_dispatch/middleware/executor.rb:14:in `call'
actionpack (5.2.2) lib/action_dispatch/middleware/static.rb:127:in `call'
rack (2.0.6) lib/rack/sendfile.rb:111:in `call'
railties (5.2.2) lib/rails/engine.rb:524:in `call'
puma (3.12.0) lib/puma/configuration.rb:225:in `call'
puma (3.12.0) lib/puma/server.rb:658:in `handle_request'
puma (3.12.0) lib/puma/server.rb:472:in `process_client'
puma (3.12.0) lib/puma/server.rb:332:in `block in run'
puma (3.12.0) lib/puma/thread_pool.rb:133:in `block in spawn_thread'
  [1m[35m (47.7ms)[0m  [1m[35mCREATE TABLE "schema_migrations" ("version" character varying NOT NULL PRIMARY KEY)[0m
  ↳ bin/rails:9
  [1m[35m (27.7ms)[0m  [1m[35mCREATE TABLE "ar_internal_metadata" ("key" character varying NOT NULL PRIMARY KEY, "value" character varying, "created_at" timestamp NOT NULL, "updated_at" timestamp NOT NULL)[0m
  ↳ bin/rails:9
  [1m[35m (0.3ms)[0m  [1m[34mSELECT pg_try_advisory_lock(1497027541195725840)[0m
  ↳ bin/rails:9
  [1m[35m (3.6ms)[0m  [1m[34mSELECT "schema_migrations"."version" FROM "schema_migrations" ORDER BY "schema_migrations"."version" ASC[0m
  ↳ bin/rails:9
Migrating to DeviseCreateUsers (20190126093101)
  [1m[35m (0.3ms)[0m  [1m[35mBEGIN[0m
  ↳ bin/rails:9
  [1m[35m (43.1ms)[0m  [1m[35mCREATE TABLE "users" ("id" bigserial primary key, "email" character varying DEFAULT '' NOT NULL, "encrypted_password" character varying DEFAULT '' NOT NULL, "reset_password_token" character varying, "reset_password_sent_at" timestamp, "remember_created_at" timestamp, "created_at" timestamp NOT NULL, "updated_at" timestamp NOT NULL)[0m
  ↳ db/migrate/20190126093101_devise_create_users.rb:5
  [1m[35m (6.0ms)[0m  [1m[35mCREATE UNIQUE INDEX  "index_users_on_email" ON "users"  ("email")[0m
  ↳ db/migrate/20190126093101_devise_create_users.rb:39
  [1m[35m (8.6ms)[0m  [1m[35mCREATE UNIQUE INDEX  "index_users_on_reset_password_token" ON "users"  ("reset_password_token")[0m
  ↳ db/migrate/20190126093101_devise_create_users.rb:40
  [1m[36mActiveRecord::SchemaMigration Create (5.2ms)[0m  [1m[32mINSERT INTO "schema_migrations" ("version") VALUES ($1) RETURNING "version"[0m  [["version", "20190126093101"]]
  ↳ bin/rails:9
  [1m[35m (0.6ms)[0m  [1m[35mCOMMIT[0m
  ↳ bin/rails:9
Migrating to CreateParsonalities (20190126094315)
  [1m[35m (0.5ms)[0m  [1m[35mBEGIN[0m
  ↳ bin/rails:9
  [1m[35m (16.8ms)[0m  [1m[35mCREATE TABLE "parsonalities" ("id" bigserial primary key, "name" character varying, "screen_name" character varying, "atk" float, "blk" float, "ctc" float, "def" float, "spd" float, "created_at" timestamp NOT NULL, "updated_at" timestamp NOT NULL)[0m
  ↳ db/migrate/20190126094315_create_parsonalities.rb:3
  [1m[36mActiveRecord::SchemaMigration Create (0.8ms)[0m  [1m[32mINSERT INTO "schema_migrations" ("version") VALUES ($1) RETURNING "version"[0m  [["version", "20190126094315"]]
  ↳ bin/rails:9
  [1m[35m (1.1ms)[0m  [1m[35mCOMMIT[0m
  ↳ bin/rails:9
Migrating to CreateTypes (20190126160259)
  [1m[35m (0.8ms)[0m  [1m[35mBEGIN[0m
  ↳ bin/rails:9
  [1m[35m (19.2ms)[0m  [1m[35mCREATE TABLE "types" ("id" bigserial primary key, "name" character varying, "screen_name" character varying, "created_at" timestamp NOT NULL, "updated_at" timestamp NOT NULL)[0m
  ↳ db/migrate/20190126160259_create_types.rb:3
  [1m[36mActiveRecord::SchemaMigration Create (1.4ms)[0m  [1m[32mINSERT INTO "schema_migrations" ("version") VALUES ($1) RETURNING "version"[0m  [["version", "20190126160259"]]
  ↳ bin/rails:9
  [1m[35m (0.8ms)[0m  [1m[35mCOMMIT[0m
  ↳ bin/rails:9
Migrating to CreateStrongPoints (20190126160846)
  [1m[35m (0.6ms)[0m  [1m[35mBEGIN[0m
  ↳ bin/rails:9
  [1m[35m (15.7ms)[0m  [1m[35mCREATE TABLE "strong_points" ("id" bigserial primary key, "from_type_id" integer, "to_type_id" integer, "created_at" timestamp NOT NULL, "updated_at" timestamp NOT NULL)[0m
  ↳ db/migrate/20190126160846_create_strong_points.rb:3
  [1m[36mActiveRecord::SchemaMigration Create (0.5ms)[0m  [1m[32mINSERT INTO "schema_migrations" ("version") VALUES ($1) RETURNING "version"[0m  [["version", "20190126160846"]]
  ↳ bin/rails:9
  [1m[35m (1.0ms)[0m  [1m[35mCOMMIT[0m
  ↳ bin/rails:9
Migrating to CreateWeakPoints (20190126161616)
  [1m[35m (0.9ms)[0m  [1m[35mBEGIN[0m
  ↳ bin/rails:9
  [1m[35m (12.6ms)[0m  [1m[35mCREATE TABLE "weak_points" ("id" bigserial primary key, "from_type_id" integer, "to_type_id" integer, "created_at" timestamp NOT NULL, "updated_at" timestamp NOT NULL)[0m
  ↳ db/migrate/20190126161616_create_weak_points.rb:3
  [1m[36mActiveRecord::SchemaMigration Create (0.8ms)[0m  [1m[32mINSERT INTO "schema_migrations" ("version") VALUES ($1) RETURNING "version"[0m  [["version", "20190126161616"]]
  ↳ bin/rails:9
  [1m[35m (1.2ms)[0m  [1m[35mCOMMIT[0m
  ↳ bin/rails:9
Migrating to CreateInvalids (20190126161741)
  [1m[35m (0.8ms)[0m  [1m[35mBEGIN[0m
  ↳ bin/rails:9
  [1m[35m (15.8ms)[0m  [1m[35mCREATE TABLE "invalids" ("id" bigserial primary key, "from_type_id" integer, "to_type_id" integer, "created_at" timestamp NOT NULL, "updated_at" timestamp NOT NULL)[0m
  ↳ db/migrate/20190126161741_create_invalids.rb:3
  [1m[36mActiveRecord::SchemaMigration Create (0.5ms)[0m  [1m[32mINSERT INTO "schema_migrations" ("version") VALUES ($1) RETURNING "version"[0m  [["version", "20190126161741"]]
  ↳ bin/rails:9
  [1m[35m (0.9ms)[0m  [1m[35mCOMMIT[0m
  ↳ bin/rails:9
Migrating to CreateSkills (20190202111132)
  [1m[35m (0.6ms)[0m  [1m[35mBEGIN[0m
  ↳ bin/rails:9
  [1m[35m (29.4ms)[0m  [1m[35mCREATE TABLE "skills" ("id" bigserial primary key, "name" character varying, "screen_name" character varying, "element" character varying, "category" character varying, "power" integer, "accuracy" integer, "pp" integer, "created_at" timestamp NOT NULL, "updated_at" timestamp NOT NULL)[0m
  ↳ db/migrate/20190202111132_create_skills.rb:3
  [1m[36mActiveRecord::SchemaMigration Create (0.5ms)[0m  [1m[32mINSERT INTO "schema_migrations" ("version") VALUES ($1) RETURNING "version"[0m  [["version", "20190202111132"]]
  ↳ bin/rails:9
  [1m[35m (0.8ms)[0m  [1m[35mCOMMIT[0m
  ↳ bin/rails:9
Migrating to CreateMonsters (20190205090426)
  [1m[35m (0.6ms)[0m  [1m[35mBEGIN[0m
  ↳ bin/rails:9
  [1m[35m (28.5ms)[0m  [1m[35mCREATE TABLE "monsters" ("id" bigserial primary key, "no" integer, "name" character varying, "screen_name" character varying, "type1" character varying, "type2" character varying, "hp" integer, "atk" integer, "blk" integer, "ctc" integer, "def" integer, "spd" integer, "created_at" timestamp NOT NULL, "updated_at" timestamp NOT NULL)[0m
  ↳ db/migrate/20190205090426_create_monsters.rb:3
  [1m[36mActiveRecord::SchemaMigration Create (0.8ms)[0m  [1m[32mINSERT INTO "schema_migrations" ("version") VALUES ($1) RETURNING "version"[0m  [["version", "20190205090426"]]
  ↳ bin/rails:9
  [1m[35m (0.8ms)[0m  [1m[35mCOMMIT[0m
  ↳ bin/rails:9
  [1m[36mActiveRecord::InternalMetadata Load (4.0ms)[0m  [1m[34mSELECT  "ar_internal_metadata".* FROM "ar_internal_metadata" WHERE "ar_internal_metadata"."key" = $1 LIMIT $2[0m  [["key", "environment"], ["LIMIT", 1]]
  ↳ bin/rails:9
  [1m[35m (0.2ms)[0m  [1m[35mBEGIN[0m
  ↳ bin/rails:9
  [1m[36mActiveRecord::InternalMetadata Create (3.5ms)[0m  [1m[32mINSERT INTO "ar_internal_metadata" ("key", "value", "created_at", "updated_at") VALUES ($1, $2, $3, $4) RETURNING "key"[0m  [["key", "environment"], ["value", "development"], ["created_at", "2019-02-06 03:24:48.088235"], ["updated_at", "2019-02-06 03:24:48.088235"]]
  ↳ bin/rails:9
  [1m[35m (0.6ms)[0m  [1m[35mCOMMIT[0m
  ↳ bin/rails:9
  [1m[35m (0.3ms)[0m  [1m[34mSELECT pg_advisory_unlock(1497027541195725840)[0m
  ↳ bin/rails:9
  [1m[35m (3.6ms)[0m  [1m[34mSELECT "schema_migrations"."version" FROM "schema_migrations" ORDER BY "schema_migrations"."version" ASC[0m
  ↳ bin/rails:9
Started GET "/admin/skill?model_name=skill&sort=name" for 172.19.0.1 at 2019-02-06 03:24:52 +0000
Cannot render console from 172.19.0.1! Allowed networks: 127.0.0.1, ::1, 127.0.0.0/127.255.255.255
  [1m[35m (2.5ms)[0m  [1m[34mSELECT "schema_migrations"."version" FROM "schema_migrations" ORDER BY "schema_migrations"."version" ASC[0m
  ↳ /usr/local/bundle/gems/activerecord-5.2.2/lib/active_record/log_subscriber.rb:98
Processing by RailsAdmin::MainController#index as HTML
  Parameters: {"model_name"=>"skill", "sort"=>"name"}
  Rendering /usr/local/bundle/gems/rails_admin-1.4.2/app/views/rails_admin/main/index.html.haml within layouts/rails_admin/application
  [1m[36mSkill Load (3.8ms)[0m  [1m[34mSELECT  "skills".* FROM "skills" ORDER BY skills.name asc LIMIT $1 OFFSET $2[0m  [["LIMIT", 20], ["OFFSET", 0]]
  ↳ /usr/local/bundle/gems/activerecord-5.2.2/lib/active_record/log_subscriber.rb:98
  Rendered /usr/local/bundle/gems/rails_admin-1.4.2/app/views/rails_admin/main/index.html.haml within layouts/rails_admin/application (50.1ms)
  Rendered /usr/local/bundle/gems/rails_admin-1.4.2/app/views/layouts/rails_admin/_secondary_navigation.html.haml (9.0ms)
  Rendered /usr/local/bundle/gems/rails_admin-1.4.2/app/views/layouts/rails_admin/_navigation.html.haml (29.0ms)
  Rendered /usr/local/bundle/gems/rails_admin-1.4.2/app/views/layouts/rails_admin/_sidebar_navigation.html.haml (10.7ms)
  Rendering /usr/local/bundle/gems/rails_admin-1.4.2/app/views/layouts/rails_admin/pjax.html.haml
  Rendered /usr/local/bundle/gems/rails_admin-1.4.2/app/views/layouts/rails_admin/pjax.html.haml (15.9ms)
Completed 200 OK in 14891ms (Views: 13708.3ms | ActiveRecord: 23.7ms)


Started GET "/admin/invalid?_pjax=%5Bdata-pjax-container%5D" for 172.19.0.1 at 2019-02-06 03:26:59 +0000
Cannot render console from 172.19.0.1! Allowed networks: 127.0.0.1, ::1, 127.0.0.0/127.255.255.255
Processing by RailsAdmin::MainController#index as HTML
  Parameters: {"_pjax"=>"[data-pjax-container]", "model_name"=>"invalid"}
  Rendering /usr/local/bundle/gems/rails_admin-1.4.2/app/views/rails_admin/main/index.html.haml within layouts/rails_admin/pjax
  [1m[36mInvalid Load (2.8ms)[0m  [1m[34mSELECT  "invalids".* FROM "invalids" ORDER BY invalids.id desc LIMIT $1 OFFSET $2[0m  [["LIMIT", 20], ["OFFSET", 0]]
  ↳ /usr/local/bundle/gems/activerecord-5.2.2/lib/active_record/log_subscriber.rb:98
  Rendered /usr/local/bundle/gems/rails_admin-1.4.2/app/views/rails_admin/main/index.html.haml within layouts/rails_admin/pjax (73.1ms)
Completed 200 OK in 129ms (Views: 71.8ms | ActiveRecord: 30.0ms)


Started GET "/admin/monster?_pjax=%5Bdata-pjax-container%5D" for 172.19.0.1 at 2019-02-06 03:27:01 +0000
Cannot render console from 172.19.0.1! Allowed networks: 127.0.0.1, ::1, 127.0.0.0/127.255.255.255
Processing by RailsAdmin::MainController#index as HTML
  Parameters: {"_pjax"=>"[data-pjax-container]", "model_name"=>"monster"}
  Rendering /usr/local/bundle/gems/rails_admin-1.4.2/app/views/rails_admin/main/index.html.haml within layouts/rails_admin/pjax
  [1m[36mMonster Load (3.7ms)[0m  [1m[34mSELECT  "monsters".* FROM "monsters" ORDER BY monsters.id desc LIMIT $1 OFFSET $2[0m  [["LIMIT", 20], ["OFFSET", 0]]
  ↳ /usr/local/bundle/gems/activerecord-5.2.2/lib/active_record/log_subscriber.rb:98
  Rendered /usr/local/bundle/gems/rails_admin-1.4.2/app/views/rails_admin/main/index.html.haml within layouts/rails_admin/pjax (67.7ms)
Completed 200 OK in 123ms (Views: 75.9ms | ActiveRecord: 15.0ms)


Started GET "/admin/parsonality?_pjax=%5Bdata-pjax-container%5D" for 172.19.0.1 at 2019-02-06 03:27:03 +0000
Cannot render console from 172.19.0.1! Allowed networks: 127.0.0.1, ::1, 127.0.0.0/127.255.255.255
Processing by RailsAdmin::MainController#index as HTML
  Parameters: {"_pjax"=>"[data-pjax-container]", "model_name"=>"parsonality"}
  Rendering /usr/local/bundle/gems/rails_admin-1.4.2/app/views/rails_admin/main/index.html.haml within layouts/rails_admin/pjax
  [1m[36mParsonality Load (3.4ms)[0m  [1m[34mSELECT  "parsonalities".* FROM "parsonalities" ORDER BY parsonalities.id desc LIMIT $1 OFFSET $2[0m  [["LIMIT", 20], ["OFFSET", 0]]
  ↳ /usr/local/bundle/gems/activerecord-5.2.2/lib/active_record/log_subscriber.rb:98
  Rendered /usr/local/bundle/gems/rails_admin-1.4.2/app/views/rails_admin/main/index.html.haml within layouts/rails_admin/pjax (50.9ms)
Completed 200 OK in 99ms (Views: 57.3ms | ActiveRecord: 16.6ms)


Started GET "/admin/skill?_pjax=%5Bdata-pjax-container%5D" for 172.19.0.1 at 2019-02-06 03:27:04 +0000
Cannot render console from 172.19.0.1! Allowed networks: 127.0.0.1, ::1, 127.0.0.0/127.255.255.255
Processing by RailsAdmin::MainController#index as HTML
  Parameters: {"_pjax"=>"[data-pjax-container]", "model_name"=>"skill"}
  Rendering /usr/local/bundle/gems/rails_admin-1.4.2/app/views/rails_admin/main/index.html.haml within layouts/rails_admin/pjax
  [1m[36mSkill Load (1.1ms)[0m  [1m[34mSELECT  "skills".* FROM "skills" ORDER BY skills.id desc LIMIT $1 OFFSET $2[0m  [["LIMIT", 20], ["OFFSET", 0]]
  ↳ /usr/local/bundle/gems/activerecord-5.2.2/lib/active_record/log_subscriber.rb:98
  Rendered /usr/local/bundle/gems/rails_admin-1.4.2/app/views/rails_admin/main/index.html.haml within layouts/rails_admin/pjax (32.9ms)
Completed 200 OK in 54ms (Views: 42.6ms | ActiveRecord: 1.1ms)


Started GET "/admin/strong_point?_pjax=%5Bdata-pjax-container%5D" for 172.19.0.1 at 2019-02-06 03:27:05 +0000
Cannot render console from 172.19.0.1! Allowed networks: 127.0.0.1, ::1, 127.0.0.0/127.255.255.255
Processing by RailsAdmin::MainController#index as HTML
  Parameters: {"_pjax"=>"[data-pjax-container]", "model_name"=>"strong_point"}
  Rendering /usr/local/bundle/gems/rails_admin-1.4.2/app/views/rails_admin/main/index.html.haml within layouts/rails_admin/pjax
  [1m[36mStrongPoint Load (3.2ms)[0m  [1m[34mSELECT  "strong_points".* FROM "strong_points" ORDER BY strong_points.id desc LIMIT $1 OFFSET $2[0m  [["LIMIT", 20], ["OFFSET", 0]]
  ↳ /usr/local/bundle/gems/activerecord-5.2.2/lib/active_record/log_subscriber.rb:98
  Rendered /usr/local/bundle/gems/rails_admin-1.4.2/app/views/rails_admin/main/index.html.haml within layouts/rails_admin/pjax (42.5ms)
Completed 200 OK in 83ms (Views: 48.9ms | ActiveRecord: 13.9ms)


Started GET "/admin/type?_pjax=%5Bdata-pjax-container%5D" for 172.19.0.1 at 2019-02-06 03:27:06 +0000
Cannot render console from 172.19.0.1! Allowed networks: 127.0.0.1, ::1, 127.0.0.0/127.255.255.255
Processing by RailsAdmin::MainController#index as HTML
  Parameters: {"_pjax"=>"[data-pjax-container]", "model_name"=>"type"}
  Rendering /usr/local/bundle/gems/rails_admin-1.4.2/app/views/rails_admin/main/index.html.haml within layouts/rails_admin/pjax
  [1m[36mType Load (4.6ms)[0m  [1m[34mSELECT  "types".* FROM "types" ORDER BY types.id desc LIMIT $1 OFFSET $2[0m  [["LIMIT", 20], ["OFFSET", 0]]
  ↳ /usr/local/bundle/gems/activerecord-5.2.2/lib/active_record/log_subscriber.rb:98
  Rendered /usr/local/bundle/gems/rails_admin-1.4.2/app/views/rails_admin/main/index.html.haml within layouts/rails_admin/pjax (30.6ms)
Completed 200 OK in 60ms (Views: 35.9ms | ActiveRecord: 4.6ms)


Started GET "/admin/weak_point?_pjax=%5Bdata-pjax-container%5D" for 172.19.0.1 at 2019-02-06 03:27:07 +0000
Cannot render console from 172.19.0.1! Allowed networks: 127.0.0.1, ::1, 127.0.0.0/127.255.255.255
Processing by RailsAdmin::MainController#index as HTML
  Parameters: {"_pjax"=>"[data-pjax-container]", "model_name"=>"weak_point"}
  Rendering /usr/local/bundle/gems/rails_admin-1.4.2/app/views/rails_admin/main/index.html.haml within layouts/rails_admin/pjax
  [1m[36mWeakPoint Load (3.7ms)[0m  [1m[34mSELECT  "weak_points".* FROM "weak_points" ORDER BY weak_points.id desc LIMIT $1 OFFSET $2[0m  [["LIMIT", 20], ["OFFSET", 0]]
  ↳ /usr/local/bundle/gems/activerecord-5.2.2/lib/active_record/log_subscriber.rb:98
  Rendered /usr/local/bundle/gems/rails_admin-1.4.2/app/views/rails_admin/main/index.html.haml within layouts/rails_admin/pjax (31.7ms)
Completed 200 OK in 73ms (Views: 37.2ms | ActiveRecord: 20.0ms)


